mode: set
github.com/SarathLUN/udemy-building-modern-web-applications-with-go/section-02/Writing-Tests-in-Go/Writing-Tests-in-Go.go:8.13,10.16 2 0
github.com/SarathLUN/udemy-building-modern-web-applications-with-go/section-02/Writing-Tests-in-Go/Writing-Tests-in-Go.go:10.16,12.3 1 0
github.com/SarathLUN/udemy-building-modern-web-applications-with-go/section-02/Writing-Tests-in-Go/Writing-Tests-in-Go.go:13.2,13.47 1 0
github.com/SarathLUN/udemy-building-modern-web-applications-with-go/section-02/Writing-Tests-in-Go/Writing-Tests-in-Go.go:16.44,18.12 2 1
github.com/SarathLUN/udemy-building-modern-web-applications-with-go/section-02/Writing-Tests-in-Go/Writing-Tests-in-Go.go:18.12,20.3 1 1
github.com/SarathLUN/udemy-building-modern-web-applications-with-go/section-02/Writing-Tests-in-Go/Writing-Tests-in-Go.go:21.2,22.20 2 1
